C:\Users\chapi\documents\visual studio 2010\Projects\Tetris\Debug\Tetris.pdb
C:\Users\chapi\documents\visual studio 2010\Projects\Tetris\Tetris\Debug\cl.command.1.tlog
C:\Users\chapi\documents\visual studio 2010\Projects\Tetris\Tetris\Debug\CL.read.1.tlog
C:\Users\chapi\documents\visual studio 2010\Projects\Tetris\Tetris\Debug\CL.write.1.tlog
C:\Users\chapi\documents\visual studio 2010\Projects\Tetris\Tetris\Debug\link.2016.read.1.tlog
C:\Users\chapi\documents\visual studio 2010\Projects\Tetris\Tetris\Debug\link.2016.write.1.tlog
C:\Users\chapi\documents\visual studio 2010\Projects\Tetris\Tetris\Debug\link.2016-cvtres.read.1.tlog
C:\Users\chapi\documents\visual studio 2010\Projects\Tetris\Tetris\Debug\link.2016-cvtres.write.1.tlog
C:\Users\chapi\documents\visual studio 2010\Projects\Tetris\Tetris\Debug\link.command.1.tlog
C:\Users\chapi\documents\visual studio 2010\Projects\Tetris\Tetris\Debug\link.read.1.tlog
C:\Users\chapi\documents\visual studio 2010\Projects\Tetris\Tetris\Debug\link.write.1.tlog
C:\Users\chapi\documents\visual studio 2010\Projects\Tetris\Tetris\Debug\link-cvtres.read.1.tlog
C:\Users\chapi\documents\visual studio 2010\Projects\Tetris\Tetris\Debug\link-cvtres.write.1.tlog
C:\USERS\CHAPI\DOCUMENTS\VISUAL STUDIO 2010\PROJECTS\TETRIS\TETRIS\DEBUG\MAIN.OBJ
C:\Users\chapi\documents\visual studio 2010\Projects\Tetris\Tetris\Debug\mt.command.1.tlog
C:\Users\chapi\documents\visual studio 2010\Projects\Tetris\Tetris\Debug\mt.read.1.tlog
C:\Users\chapi\documents\visual studio 2010\Projects\Tetris\Tetris\Debug\mt.write.1.tlog
C:\Users\chapi\documents\visual studio 2010\Projects\Tetris\Tetris\Debug\rc.command.1.tlog
C:\Users\chapi\documents\visual studio 2010\Projects\Tetris\Tetris\Debug\rc.read.1.tlog
C:\Users\chapi\documents\visual studio 2010\Projects\Tetris\Tetris\Debug\rc.write.1.tlog
C:\USERS\CHAPI\DOCUMENTS\VISUAL STUDIO 2010\PROJECTS\TETRIS\TETRIS\DEBUG\ROGIC.OBJ
C:\USERS\CHAPI\DOCUMENTS\VISUAL STUDIO 2010\PROJECTS\TETRIS\TETRIS\DEBUG\STDAFX.OBJ
C:\USERS\CHAPI\DOCUMENTS\VISUAL STUDIO 2010\PROJECTS\TETRIS\TETRIS\DEBUG\TETRIS.EXE.EMBED.MANIFEST
C:\USERS\CHAPI\DOCUMENTS\VISUAL STUDIO 2010\PROJECTS\TETRIS\TETRIS\DEBUG\TETRIS.EXE.EMBED.MANIFEST.RES
C:\Users\chapi\documents\visual studio 2010\Projects\Tetris\Tetris\Debug\Tetris.exe.intermediate.manifest
C:\USERS\CHAPI\DOCUMENTS\VISUAL STUDIO 2010\PROJECTS\TETRIS\TETRIS\DEBUG\TETRIS.OBJ
C:\USERS\CHAPI\DOCUMENTS\VISUAL STUDIO 2010\PROJECTS\TETRIS\TETRIS\DEBUG\TETRIS.PCH
C:\USERS\CHAPI\DOCUMENTS\VISUAL STUDIO 2010\PROJECTS\TETRIS\TETRIS\DEBUG\TETRIS.RES
C:\Users\chapi\documents\visual studio 2010\Projects\Tetris\Tetris\Debug\Tetris_manifest.rc
C:\Users\chapi\documents\visual studio 2010\Projects\Tetris\Tetris\Debug\vc100.idb
C:\USERS\CHAPI\DOCUMENTS\VISUAL STUDIO 2010\PROJECTS\TETRIS\TETRIS\DEBUG\VC100.PDB
