2011/04/20 0:33:44 にビルドを開始しました。
     1>ノード 2 上のプロジェクト "C:\Users\chapi\documents\visual studio 2010\Projects\Tetris\Tetris\Tetris.vcxproj" (build ターゲット)。
     1>InitializeBuildStatus:
         "Debug\Tetris.unsuccessfulbuild" のタッチ タスクを実行しています。
       ClCompile:
         すべての出力が最新のものです。
         C:\Program Files (x86)\Microsoft Visual Studio 10.0\VC\bin\CL.exe /c /I"C:\Users\chapi\Documents\Visual Studio 2010\Projects\DxLib_VC\サンプルプログラム実行用フォルダ" /ZI /nologo /W4 /WX- /Od /Oy- /D WIN32 /D _DEBUG /D _WINDOWS /D _MBCS /Gm /EHsc /RTC1 /MTd /GS /fp:precise /Zc:wchar_t /Zc:forScope /Yc"StdAfx.h" /Fp"Debug\Tetris.pch" /Fo"Debug\\" /Fd"Debug\vc100.pdb" /Gd /TP /analyze- /errorReport:prompt stdafx.cpp
         stdafx.cpp
         C:\Program Files (x86)\Microsoft Visual Studio 10.0\VC\bin\CL.exe /c /I"C:\Users\chapi\Documents\Visual Studio 2010\Projects\DxLib_VC\サンプルプログラム実行用フォルダ" /ZI /nologo /W4 /WX- /Od /Oy- /D WIN32 /D _DEBUG /D _WINDOWS /D _MBCS /Gm /EHsc /RTC1 /MTd /GS /fp:precise /Zc:wchar_t /Zc:forScope /Yu"StdAfx.h" /Fp"Debug\Tetris.pch" /Fo"Debug\\" /Fd"Debug\vc100.pdb" /Gd /TP /analyze- /errorReport:prompt rogic.cpp Tetris.cpp
         Tetris.cpp
     1>c:\users\chapi\documents\visual studio 2010\projects\dxlib_vc\サンプルプログラム実行用フォルダ\dxdirectx.h(5617): warning C4100: 'pReceivePin' : 引数は関数の本体部で 1 度も参照されません。
     1>c:\users\chapi\documents\visual studio 2010\projects\dxlib_vc\サンプルプログラム実行用フォルダ\dxdirectx.h(5618): warning C4100: 'pmt' : 引数は関数の本体部で 1 度も参照されません。
     1>c:\users\chapi\documents\visual studio 2010\projects\dxlib_vc\サンプルプログラム実行用フォルダ\dxdirectx.h(5618): warning C4100: 'pPin' : 引数は関数の本体部で 1 度も参照されません。
     1>c:\users\chapi\documents\visual studio 2010\projects\dxlib_vc\サンプルプログラム実行用フォルダ\dxdirectx.h(5650): warning C4100: 'nPin' : 引数は関数の本体部で 1 度も参照されません。
     1>c:\users\chapi\documents\visual studio 2010\projects\dxlib_vc\サンプルプログラム実行用フォルダ\dxdirectx.h(5650): warning C4100: 'apPin' : 引数は関数の本体部で 1 度も参照されません。
     1>c:\users\chapi\documents\visual studio 2010\projects\dxlib_vc\サンプルプログラム実行用フォルダ\dxdirectx.h(5840): warning C4100: 'pEndTime' : 引数は関数の本体部で 1 度も参照されません。
     1>c:\users\chapi\documents\visual studio 2010\projects\dxlib_vc\サンプルプログラム実行用フォルダ\dxdirectx.h(5840): warning C4100: 'pStartTime' : 引数は関数の本体部で 1 度も参照されません。
     1>c:\users\chapi\documents\visual studio 2010\projects\dxlib_vc\サンプルプログラム実行用フォルダ\dxdirectx.h(5960): warning C4100: 'pMediaSample' : 引数は関数の本体部で 1 度も参照されません。
     1>c:\users\chapi\documents\visual studio 2010\projects\dxlib_vc\サンプルプログラム実行用フォルダ\dxdirectx.h(6403): warning C4100: 'pReceivePin' : 引数は関数の本体部で 1 度も参照されません。
     1>c:\users\chapi\documents\visual studio 2010\projects\dxlib_vc\サンプルプログラム実行用フォルダ\dxdirectx.h(6403): warning C4100: 'direction' : 引数は関数の本体部で 1 度も参照されません。
     1>c:\users\chapi\documents\visual studio 2010\projects\dxlib_vc\サンプルプログラム実行用フォルダ\dxdirectx.h(6841): warning C4100: 'pMediaType' : 引数は関数の本体部で 1 度も参照されません。
     1>c:\users\chapi\documents\visual studio 2010\projects\dxlib_vc\サンプルプログラム実行用フォルダ\dxdirectx.h(6841): warning C4100: 'iPosition' : 引数は関数の本体部で 1 度も参照されません。
     1>c:\users\chapi\documents\visual studio 2010\projects\dxlib_vc\サンプルプログラム実行用フォルダ\dxdirectx.h(6843): warning C4100: 'mtOut' : 引数は関数の本体部で 1 度も参照されません。
     1>c:\users\chapi\documents\visual studio 2010\projects\dxlib_vc\サンプルプログラム実行用フォルダ\dxdirectx.h(6843): warning C4100: 'mtIn' : 引数は関数の本体部で 1 度も参照されません。
     1>c:\users\chapi\documents\visual studio 2010\projects\dxlib_vc\サンプルプログラム実行用フォルダ\dxlib.h(1421): warning C4201: 非標準の拡張機能が使用されています : 無名の構造体または共用体です。
     1>c:\users\chapi\documents\visual studio 2010\projects\tetris\tetris\tetris.cpp(13): warning C4100: 'nCmdShow' : 引数は関数の本体部で 1 度も参照されません。
     1>c:\users\chapi\documents\visual studio 2010\projects\tetris\tetris\tetris.cpp(10): warning C4100: 'hInstance' : 引数は関数の本体部で 1 度も参照されません。
         rogic.cpp
     1>c:\users\chapi\documents\visual studio 2010\projects\tetris\tetris\rogic.cpp(155): warning C4100: 'pBlock' : 引数は関数の本体部で 1 度も参照されません。
     1>c:\users\chapi\documents\visual studio 2010\projects\tetris\tetris\rogic.cpp(229): warning C4100: 'pBlock' : 引数は関数の本体部で 1 度も参照されません。
     1>c:\users\chapi\documents\visual studio 2010\projects\tetris\tetris\rogic.cpp(37): warning C4505: 'CheckAndDeleteBlocks' : 参照されていないローカル関数は削除されました。
         コードを生成中...
       ResourceCompile:
         すべての出力が最新のものです。
       ManifestResourceCompile:
         すべての出力が最新のものです。
       Link:
         C:\Program Files (x86)\Microsoft Visual Studio 10.0\VC\bin\link.exe /ERRORREPORT:PROMPT /OUT:"C:\Users\chapi\documents\visual studio 2010\Projects\Tetris\Debug\Tetris.exe" /INCREMENTAL /NOLOGO /LIBPATH:"C:\Users\chapi\Documents\Visual Studio 2010\Projects\DxLib_VC\プロジェクトに追加すべきファイル_VC用" kernel32.lib user32.lib gdi32.lib winspool.lib comdlg32.lib advapi32.lib shell32.lib ole32.lib oleaut32.lib uuid.lib odbc32.lib odbccp32.lib /MANIFEST /ManifestFile:"Debug\Tetris.exe.intermediate.manifest" /MANIFESTUAC:"level='asInvoker' uiAccess='false'" /DEBUG /PDB:"C:\Users\chapi\documents\visual studio 2010\Projects\Tetris\Debug\Tetris.pdb" /SUBSYSTEM:WINDOWS /TLBID:1 /DYNAMICBASE /NXCOMPAT /IMPLIB:"C:\Users\chapi\documents\visual studio 2010\Projects\Tetris\Debug\Tetris.lib" /MACHINE:X86 Debug\Tetris.res
         Debug\Tetris.exe.embed.manifest.res
         Debug\rogic.obj
         Debug\stdafx.obj
         Debug\Tetris.obj
       Manifest:
         C:\Program Files (x86)\Microsoft SDKs\Windows\v7.0A\bin\mt.exe /nologo /verbose /out:"Debug\Tetris.exe.embed.manifest" /manifest Debug\Tetris.exe.intermediate.manifest
         C:\Program Files (x86)\Microsoft SDKs\Windows\v7.0A\bin\rc.exe /nologo /fo"Debug\Tetris.exe.embed.manifest.res" Debug\Tetris_manifest.rc 
       LinkEmbedManifest:
         C:\Program Files (x86)\Microsoft Visual Studio 10.0\VC\bin\link.exe /ERRORREPORT:PROMPT /OUT:"C:\Users\chapi\documents\visual studio 2010\Projects\Tetris\Debug\Tetris.exe" /INCREMENTAL /NOLOGO /LIBPATH:"C:\Users\chapi\Documents\Visual Studio 2010\Projects\DxLib_VC\プロジェクトに追加すべきファイル_VC用" kernel32.lib user32.lib gdi32.lib winspool.lib comdlg32.lib advapi32.lib shell32.lib ole32.lib oleaut32.lib uuid.lib odbc32.lib odbccp32.lib /MANIFEST /ManifestFile:"Debug\Tetris.exe.intermediate.manifest" /MANIFESTUAC:"level='asInvoker' uiAccess='false'" /DEBUG /PDB:"C:\Users\chapi\documents\visual studio 2010\Projects\Tetris\Debug\Tetris.pdb" /SUBSYSTEM:WINDOWS /TLBID:1 /DYNAMICBASE /NXCOMPAT /IMPLIB:"C:\Users\chapi\documents\visual studio 2010\Projects\Tetris\Debug\Tetris.lib" /MACHINE:X86 Debug\Tetris.res
         Debug\Tetris.exe.embed.manifest.res
         Debug\rogic.obj
         Debug\stdafx.obj
         Debug\Tetris.obj
         Tetris.vcxproj -> C:\Users\chapi\documents\visual studio 2010\Projects\Tetris\Debug\Tetris.exe
       FinalizeBuildStatus:
         ファイル "Debug\Tetris.unsuccessfulbuild" を削除しています。
         "Debug\Tetris.lastbuildstate" のタッチ タスクを実行しています。
     1>プロジェクト "C:\Users\chapi\documents\visual studio 2010\Projects\Tetris\Tetris\Tetris.vcxproj" (build ターゲット) のビルドが完了しました。

ビルドに成功しました。

経過時間 00:00:03.82
